Fri Nov 24 2017 21:01:40 GMT-0500 (EST): / GET
Fri Nov 24 2017 21:01:40 GMT-0500 (EST): /stylesheets/frontpagestyle.css GET
Fri Nov 24 2017 21:01:41 GMT-0500 (EST): /images/logoWhiteCrisp.png GET
Fri Nov 24 2017 21:01:41 GMT-0500 (EST): /images/logoutWhite.png GET
Fri Nov 24 2017 21:01:41 GMT-0500 (EST): /images/natureBackground.jpeg GET
Fri Nov 24 2017 21:01:52 GMT-0500 (EST): /loginForm POST
Fri Nov 24 2017 21:01:53 GMT-0500 (EST): /stylesheets/style.css GET
Fri Nov 24 2017 21:01:53 GMT-0500 (EST): /js/flow.js GET
Fri Nov 24 2017 21:01:53 GMT-0500 (EST): /images/logoWhiteCrisp.png GET
Fri Nov 24 2017 21:01:53 GMT-0500 (EST): /images/logoutWhite.png GET
Fri Nov 24 2017 21:01:53 GMT-0500 (EST): /stylesheets/style.css GET
Fri Nov 24 2017 21:01:53 GMT-0500 (EST): /images/doggoTealFilled.png GET
Fri Nov 24 2017 21:01:53 GMT-0500 (EST): /images/iconKid.svg GET
Fri Nov 24 2017 21:01:57 GMT-0500 (EST): / GET
Fri Nov 24 2017 21:01:57 GMT-0500 (EST): /stylesheets/frontpagestyle.css GET
Fri Nov 24 2017 21:01:57 GMT-0500 (EST): /images/logoWhiteCrisp.png GET
Fri Nov 24 2017 21:01:57 GMT-0500 (EST): /images/logoutWhite.png GET
Fri Nov 24 2017 21:01:57 GMT-0500 (EST): /images/natureBackground.jpeg GET
Fri Nov 24 2017 21:02:28 GMT-0500 (EST): /registerForm POST
Fri Nov 24 2017 21:02:28 GMT-0500 (EST): /stylesheets/style.css GET
Fri Nov 24 2017 21:02:28 GMT-0500 (EST): /js/flow.js GET
Fri Nov 24 2017 21:02:28 GMT-0500 (EST): /images/logoWhiteCrisp.png GET
Fri Nov 24 2017 21:02:28 GMT-0500 (EST): /images/logoutWhite.png GET
Fri Nov 24 2017 21:02:28 GMT-0500 (EST): /images/doggoTealFilled.png GET
Fri Nov 24 2017 21:02:28 GMT-0500 (EST): /images/iconKid.svg GET
Fri Nov 24 2017 21:02:29 GMT-0500 (EST): /stylesheets/style.css GET
Fri Nov 24 2017 21:02:31 GMT-0500 (EST): / GET
Fri Nov 24 2017 21:02:31 GMT-0500 (EST): /stylesheets/frontpagestyle.css GET
Fri Nov 24 2017 21:02:31 GMT-0500 (EST): /images/logoWhiteCrisp.png GET
Fri Nov 24 2017 21:02:31 GMT-0500 (EST): /images/logoutWhite.png GET
Fri Nov 24 2017 21:02:32 GMT-0500 (EST): /images/natureBackground.jpeg GET
Fri Nov 24 2017 21:03:00 GMT-0500 (EST): /loginForm POST
Fri Nov 24 2017 21:03:00 GMT-0500 (EST): /stylesheets/frontpagestyle.css GET
Fri Nov 24 2017 21:03:01 GMT-0500 (EST): /images/logoWhiteCrisp.png GET
Fri Nov 24 2017 21:03:01 GMT-0500 (EST): /images/logoutWhite.png GET
Fri Nov 24 2017 21:03:01 GMT-0500 (EST): /images/natureBackground.jpeg GET
Fri Nov 24 2017 21:07:18 GMT-0500 (EST): /registerForm POST
Fri Nov 24 2017 21:07:19 GMT-0500 (EST): /stylesheets/style.css GET
Fri Nov 24 2017 21:07:19 GMT-0500 (EST): /js/flow.js GET
Fri Nov 24 2017 21:07:19 GMT-0500 (EST): /images/logoWhiteCrisp.png GET
Fri Nov 24 2017 21:07:19 GMT-0500 (EST): /images/logoutWhite.png GET
Fri Nov 24 2017 21:07:19 GMT-0500 (EST): /images/doggoTealFilled.png GET
Fri Nov 24 2017 21:07:19 GMT-0500 (EST): /images/iconKid.svg GET
Fri Nov 24 2017 21:07:19 GMT-0500 (EST): /stylesheets/style.css GET
Fri Nov 24 2017 21:07:21 GMT-0500 (EST): / GET
Fri Nov 24 2017 21:07:21 GMT-0500 (EST): /stylesheets/frontpagestyle.css GET
Fri Nov 24 2017 21:07:21 GMT-0500 (EST): /images/logoWhiteCrisp.png GET
Fri Nov 24 2017 21:07:21 GMT-0500 (EST): /images/logoutWhite.png GET
Fri Nov 24 2017 21:07:21 GMT-0500 (EST): /images/natureBackground.jpeg GET
Fri Nov 24 2017 21:07:34 GMT-0500 (EST): /loginForm POST
Fri Nov 24 2017 21:07:34 GMT-0500 (EST): /stylesheets/frontpagestyle.css GET
Fri Nov 24 2017 21:07:34 GMT-0500 (EST): /images/logoWhiteCrisp.png GET
Fri Nov 24 2017 21:07:34 GMT-0500 (EST): /images/logoutWhite.png GET
Fri Nov 24 2017 21:07:34 GMT-0500 (EST): /images/natureBackground.jpeg GET
Fri Nov 24 2017 21:13:14 GMT-0500 (EST): / GET
Fri Nov 24 2017 21:13:14 GMT-0500 (EST): /stylesheets/frontpagestyle.css GET
Fri Nov 24 2017 21:13:15 GMT-0500 (EST): /images/logoWhiteCrisp.png GET
Fri Nov 24 2017 21:13:15 GMT-0500 (EST): /images/logoutWhite.png GET
Fri Nov 24 2017 21:13:15 GMT-0500 (EST): /images/natureBackground.jpeg GET
Fri Nov 24 2017 21:13:46 GMT-0500 (EST): /registerForm POST
Fri Nov 24 2017 21:13:46 GMT-0500 (EST): /stylesheets/style.css GET
Fri Nov 24 2017 21:13:46 GMT-0500 (EST): /js/flow.js GET
Fri Nov 24 2017 21:13:47 GMT-0500 (EST): /images/logoWhiteCrisp.png GET
Fri Nov 24 2017 21:13:47 GMT-0500 (EST): /images/logoutWhite.png GET
Fri Nov 24 2017 21:13:47 GMT-0500 (EST): /images/doggoTealFilled.png GET
Fri Nov 24 2017 21:13:47 GMT-0500 (EST): /images/iconKid.svg GET
Fri Nov 24 2017 21:13:47 GMT-0500 (EST): /stylesheets/style.css GET
Fri Nov 24 2017 21:13:49 GMT-0500 (EST): / GET
Fri Nov 24 2017 21:13:49 GMT-0500 (EST): /stylesheets/frontpagestyle.css GET
Fri Nov 24 2017 21:13:49 GMT-0500 (EST): /images/logoWhiteCrisp.png GET
Fri Nov 24 2017 21:13:49 GMT-0500 (EST): /images/logoutWhite.png GET
Fri Nov 24 2017 21:13:49 GMT-0500 (EST): /images/natureBackground.jpeg GET
Fri Nov 24 2017 21:14:03 GMT-0500 (EST): /loginForm POST
Fri Nov 24 2017 21:14:03 GMT-0500 (EST): /stylesheets/frontpagestyle.css GET
Fri Nov 24 2017 21:14:03 GMT-0500 (EST): /images/logoWhiteCrisp.png GET
Fri Nov 24 2017 21:14:03 GMT-0500 (EST): /images/logoutWhite.png GET
Fri Nov 24 2017 21:14:03 GMT-0500 (EST): /images/natureBackground.jpeg GET
Fri Nov 24 2017 21:16:18 GMT-0500 (EST): / GET
Fri Nov 24 2017 21:16:18 GMT-0500 (EST): /stylesheets/frontpagestyle.css GET
Fri Nov 24 2017 21:16:19 GMT-0500 (EST): /images/logoWhiteCrisp.png GET
Fri Nov 24 2017 21:16:19 GMT-0500 (EST): /images/logoutWhite.png GET
Fri Nov 24 2017 21:16:19 GMT-0500 (EST): /images/natureBackground.jpeg GET
Fri Nov 24 2017 21:16:43 GMT-0500 (EST): /registerForm POST
Fri Nov 24 2017 21:16:44 GMT-0500 (EST): /stylesheets/style.css GET
Fri Nov 24 2017 21:16:44 GMT-0500 (EST): /js/flow.js GET
Fri Nov 24 2017 21:16:44 GMT-0500 (EST): /images/logoWhiteCrisp.png GET
Fri Nov 24 2017 21:16:44 GMT-0500 (EST): /images/logoutWhite.png GET
Fri Nov 24 2017 21:16:44 GMT-0500 (EST): /images/doggoTealFilled.png GET
Fri Nov 24 2017 21:16:44 GMT-0500 (EST): /images/iconKid.svg GET
Fri Nov 24 2017 21:16:45 GMT-0500 (EST): /stylesheets/style.css GET
Fri Nov 24 2017 21:17:13 GMT-0500 (EST): / GET
Fri Nov 24 2017 21:17:13 GMT-0500 (EST): /stylesheets/frontpagestyle.css GET
Fri Nov 24 2017 21:17:13 GMT-0500 (EST): /images/logoWhiteCrisp.png GET
Fri Nov 24 2017 21:17:13 GMT-0500 (EST): /images/logoutWhite.png GET
Fri Nov 24 2017 21:17:14 GMT-0500 (EST): /images/natureBackground.jpeg GET
Fri Nov 24 2017 21:17:52 GMT-0500 (EST): /registerForm POST
Fri Nov 24 2017 21:17:52 GMT-0500 (EST): /stylesheets/style.css GET
Fri Nov 24 2017 21:17:52 GMT-0500 (EST): /js/flow.js GET
Fri Nov 24 2017 21:17:52 GMT-0500 (EST): /images/logoWhiteCrisp.png GET
Fri Nov 24 2017 21:17:52 GMT-0500 (EST): /images/logoutWhite.png GET
Fri Nov 24 2017 21:17:52 GMT-0500 (EST): /images/doggoTealFilled.png GET
Fri Nov 24 2017 21:17:52 GMT-0500 (EST): /images/iconKid.svg GET
Fri Nov 24 2017 21:17:53 GMT-0500 (EST): /stylesheets/style.css GET
Fri Nov 24 2017 21:20:04 GMT-0500 (EST): / GET
Fri Nov 24 2017 21:20:04 GMT-0500 (EST): /stylesheets/frontpagestyle.css GET
Fri Nov 24 2017 21:20:05 GMT-0500 (EST): /images/logoWhiteCrisp.png GET
Fri Nov 24 2017 21:20:05 GMT-0500 (EST): /images/logoutWhite.png GET
Fri Nov 24 2017 21:20:05 GMT-0500 (EST): /images/natureBackground.jpeg GET
Fri Nov 24 2017 21:20:44 GMT-0500 (EST): /registerForm POST
Fri Nov 24 2017 21:20:44 GMT-0500 (EST): /stylesheets/style.css GET
Fri Nov 24 2017 21:20:44 GMT-0500 (EST): /js/flow.js GET
Fri Nov 24 2017 21:20:44 GMT-0500 (EST): /images/logoWhiteCrisp.png GET
Fri Nov 24 2017 21:20:44 GMT-0500 (EST): /images/logoutWhite.png GET
Fri Nov 24 2017 21:20:44 GMT-0500 (EST): /images/doggoTealFilled.png GET
Fri Nov 24 2017 21:20:44 GMT-0500 (EST): /images/iconKid.svg GET
Fri Nov 24 2017 21:20:45 GMT-0500 (EST): /stylesheets/style.css GET
Fri Nov 24 2017 21:21:03 GMT-0500 (EST): / GET
Fri Nov 24 2017 21:21:04 GMT-0500 (EST): /stylesheets/frontpagestyle.css GET
Fri Nov 24 2017 21:21:04 GMT-0500 (EST): /images/logoWhiteCrisp.png GET
Fri Nov 24 2017 21:21:04 GMT-0500 (EST): /images/logoutWhite.png GET
Fri Nov 24 2017 21:21:04 GMT-0500 (EST): /images/natureBackground.jpeg GET
Fri Nov 24 2017 21:21:17 GMT-0500 (EST): /loginForm POST
Fri Nov 24 2017 21:21:17 GMT-0500 (EST): /stylesheets/style.css GET
Fri Nov 24 2017 21:21:17 GMT-0500 (EST): /js/flow.js GET
Fri Nov 24 2017 21:21:17 GMT-0500 (EST): /images/logoWhiteCrisp.png GET
Fri Nov 24 2017 21:21:17 GMT-0500 (EST): /images/logoutWhite.png GET
Fri Nov 24 2017 21:21:17 GMT-0500 (EST): /images/doggoTealFilled.png GET
Fri Nov 24 2017 21:21:17 GMT-0500 (EST): /images/iconKid.svg GET
Fri Nov 24 2017 21:21:18 GMT-0500 (EST): /stylesheets/style.css GET
Fri Nov 24 2017 21:21:21 GMT-0500 (EST): / GET
Fri Nov 24 2017 21:21:21 GMT-0500 (EST): /stylesheets/frontpagestyle.css GET
Fri Nov 24 2017 21:21:21 GMT-0500 (EST): /images/logoWhiteCrisp.png GET
Fri Nov 24 2017 21:21:21 GMT-0500 (EST): /images/logoutWhite.png GET
Fri Nov 24 2017 21:21:21 GMT-0500 (EST): /images/natureBackground.jpeg GET
Fri Nov 24 2017 21:21:34 GMT-0500 (EST): /loginForm POST
Fri Nov 24 2017 21:21:34 GMT-0500 (EST): /stylesheets/frontpagestyle.css GET
Fri Nov 24 2017 21:21:34 GMT-0500 (EST): /images/logoWhiteCrisp.png GET
Fri Nov 24 2017 21:21:34 GMT-0500 (EST): /images/logoutWhite.png GET
Fri Nov 24 2017 21:21:34 GMT-0500 (EST): /images/natureBackground.jpeg GET
Fri Nov 24 2017 21:22:01 GMT-0500 (EST): /loginForm POST
Fri Nov 24 2017 21:22:01 GMT-0500 (EST): /stylesheets/style.css GET
Fri Nov 24 2017 21:22:01 GMT-0500 (EST): /js/flow.js GET
Fri Nov 24 2017 21:22:02 GMT-0500 (EST): /images/logoWhiteCrisp.png GET
Fri Nov 24 2017 21:22:02 GMT-0500 (EST): /images/logoutWhite.png GET
Fri Nov 24 2017 21:22:02 GMT-0500 (EST): /images/doggoTealFilled.png GET
Fri Nov 24 2017 21:22:02 GMT-0500 (EST): /stylesheets/style.css GET
Fri Nov 24 2017 21:22:02 GMT-0500 (EST): /images/iconKid.svg GET
Fri Nov 24 2017 21:22:04 GMT-0500 (EST): / GET
Fri Nov 24 2017 21:22:04 GMT-0500 (EST): /stylesheets/frontpagestyle.css GET
Fri Nov 24 2017 21:22:05 GMT-0500 (EST): /images/logoWhiteCrisp.png GET
Fri Nov 24 2017 21:22:05 GMT-0500 (EST): /images/logoutWhite.png GET
Fri Nov 24 2017 21:22:05 GMT-0500 (EST): /images/natureBackground.jpeg GET
Fri Nov 24 2017 21:24:00 GMT-0500 (EST): / GET
Fri Nov 24 2017 21:24:00 GMT-0500 (EST): /stylesheets/frontpagestyle.css GET
Fri Nov 24 2017 21:24:01 GMT-0500 (EST): /images/logoWhiteCrisp.png GET
Fri Nov 24 2017 21:24:01 GMT-0500 (EST): /images/logoutWhite.png GET
Fri Nov 24 2017 21:24:01 GMT-0500 (EST): /images/natureBackground.jpeg GET
Fri Nov 24 2017 21:27:58 GMT-0500 (EST): / GET
Fri Nov 24 2017 21:27:58 GMT-0500 (EST): /stylesheets/frontpagestyle.css GET
Fri Nov 24 2017 21:27:59 GMT-0500 (EST): /images/logoWhiteCrisp.png GET
Fri Nov 24 2017 21:27:59 GMT-0500 (EST): /images/logoutWhite.png GET
Fri Nov 24 2017 21:27:59 GMT-0500 (EST): /images/natureBackground.jpeg GET
Fri Nov 24 2017 21:30:16 GMT-0500 (EST): / GET
Fri Nov 24 2017 21:30:16 GMT-0500 (EST): /stylesheets/frontpagestyle.css GET
Fri Nov 24 2017 21:30:17 GMT-0500 (EST): /images/logoWhiteCrisp.png GET
Fri Nov 24 2017 21:30:17 GMT-0500 (EST): /images/logoutWhite.png GET
Fri Nov 24 2017 21:30:17 GMT-0500 (EST): /images/natureBackground.jpeg GET
Fri Nov 24 2017 21:31:09 GMT-0500 (EST): / GET
Fri Nov 24 2017 21:31:09 GMT-0500 (EST): /stylesheets/frontpagestyle.css GET
Fri Nov 24 2017 21:31:09 GMT-0500 (EST): /images/logoWhiteCrisp.png GET
Fri Nov 24 2017 21:31:09 GMT-0500 (EST): /images/logoutWhite.png GET
Fri Nov 24 2017 21:31:10 GMT-0500 (EST): /favicon.ico GET
Fri Nov 24 2017 21:31:15 GMT-0500 (EST): / GET
Fri Nov 24 2017 21:31:15 GMT-0500 (EST): /stylesheets/frontpagestyle.css GET
Fri Nov 24 2017 21:31:15 GMT-0500 (EST): /images/logoWhiteCrisp.png GET
Fri Nov 24 2017 21:31:15 GMT-0500 (EST): /images/logoutWhite.png GET
Fri Nov 24 2017 21:31:15 GMT-0500 (EST): /images/natureBackground.jpeg GET
Fri Nov 24 2017 21:31:15 GMT-0500 (EST): /images/favicons.ico/favicon-32x32.png GET
Fri Nov 24 2017 21:31:15 GMT-0500 (EST): /images/favicons.ico/favicon-16x16.png GET
Fri Nov 24 2017 21:31:15 GMT-0500 (EST): /images/favicons.ico/favicon-96x96.png GET
Fri Nov 24 2017 21:31:15 GMT-0500 (EST): /images/favicons.ico/android-icon-192x192.png GET
Fri Nov 24 2017 21:32:42 GMT-0500 (EST): /loginForm POST
Fri Nov 24 2017 21:32:43 GMT-0500 (EST): /stylesheets/style.css GET
Fri Nov 24 2017 21:32:43 GMT-0500 (EST): /js/flow.js GET
Fri Nov 24 2017 21:32:43 GMT-0500 (EST): /images/logoWhiteCrisp.png GET
Fri Nov 24 2017 21:32:43 GMT-0500 (EST): /images/logoutWhite.png GET
Fri Nov 24 2017 21:32:43 GMT-0500 (EST): /images/doggoTealFilled.png GET
Fri Nov 24 2017 21:32:43 GMT-0500 (EST): /images/iconKid.svg GET
Fri Nov 24 2017 21:32:43 GMT-0500 (EST): /stylesheets/style.css GET
Fri Nov 24 2017 21:32:46 GMT-0500 (EST): / GET
Fri Nov 24 2017 21:32:46 GMT-0500 (EST): /stylesheets/frontpagestyle.css GET
Fri Nov 24 2017 21:32:46 GMT-0500 (EST): /images/logoWhiteCrisp.png GET
Fri Nov 24 2017 21:32:46 GMT-0500 (EST): /images/logoutWhite.png GET
Fri Nov 24 2017 21:32:46 GMT-0500 (EST): /images/natureBackground.jpeg GET
Fri Nov 24 2017 23:48:10 GMT-0500 (EST): / GET
Fri Nov 24 2017 23:48:10 GMT-0500 (EST): /stylesheets/frontpagestyle.css GET
Fri Nov 24 2017 23:48:11 GMT-0500 (EST): /images/logoWhiteCrisp.png GET
Fri Nov 24 2017 23:48:11 GMT-0500 (EST): /images/logoutWhite.png GET
Fri Nov 24 2017 23:48:11 GMT-0500 (EST): /images/natureBackground.jpeg GET
Fri Nov 24 2017 23:49:08 GMT-0500 (EST): /loginForm POST
Fri Nov 24 2017 23:49:09 GMT-0500 (EST): /stylesheets/style.css GET
Fri Nov 24 2017 23:49:09 GMT-0500 (EST): /js/flow.js GET
Fri Nov 24 2017 23:49:09 GMT-0500 (EST): /images/logoWhiteCrisp.png GET
Fri Nov 24 2017 23:49:09 GMT-0500 (EST): /images/logoutWhite.png GET
Fri Nov 24 2017 23:49:09 GMT-0500 (EST): /images/doggoTealFilled.png GET
Fri Nov 24 2017 23:49:09 GMT-0500 (EST): /images/iconKid.svg GET
Fri Nov 24 2017 23:49:10 GMT-0500 (EST): /images/natureBackground.jpeg GET
Fri Nov 24 2017 23:49:10 GMT-0500 (EST): /images/thoughtBubble.png GET
Fri Nov 24 2017 23:49:24 GMT-0500 (EST): / GET
Fri Nov 24 2017 23:49:24 GMT-0500 (EST): /stylesheets/frontpagestyle.css GET
Fri Nov 24 2017 23:49:25 GMT-0500 (EST): /images/logoWhiteCrisp.png GET
Fri Nov 24 2017 23:49:25 GMT-0500 (EST): /images/logoutWhite.png GET
Fri Nov 24 2017 23:49:25 GMT-0500 (EST): /images/natureBackground.jpeg GET
Sat Nov 25 2017 16:53:05 GMT-0500 (EST): / GET
Sat Nov 25 2017 16:53:05 GMT-0500 (EST): /stylesheets/frontpagestyle.css GET
Sat Nov 25 2017 16:53:06 GMT-0500 (EST): /images/logoWhiteCrisp.png GET
Sat Nov 25 2017 16:53:06 GMT-0500 (EST): /images/logoutWhite.png GET
Sat Nov 25 2017 16:53:06 GMT-0500 (EST): /images/natureBackground.jpeg GET
Sat Nov 25 2017 16:53:58 GMT-0500 (EST): / GET
Sat Nov 25 2017 16:53:58 GMT-0500 (EST): /stylesheets/frontpagestyle.css GET
Sat Nov 25 2017 16:53:58 GMT-0500 (EST): /images/logoWhiteCrisp.png GET
Sat Nov 25 2017 16:53:58 GMT-0500 (EST): /images/logoutWhite.png GET
Sat Nov 25 2017 16:53:59 GMT-0500 (EST): /images/natureBackground.jpeg GET
Sat Nov 25 2017 16:53:59 GMT-0500 (EST): /images/favicons.ico/favicon-32x32.png GET
Sat Nov 25 2017 16:53:59 GMT-0500 (EST): /images/favicons.ico/favicon-16x16.png GET
Sat Nov 25 2017 16:53:59 GMT-0500 (EST): /images/favicons.ico/favicon-96x96.png GET
Sat Nov 25 2017 16:53:59 GMT-0500 (EST): /images/favicons.ico/android-icon-192x192.png GET
Sat Nov 25 2017 16:54:09 GMT-0500 (EST): / GET
Sat Nov 25 2017 16:54:09 GMT-0500 (EST): /stylesheets/frontpagestyle.css GET
Sat Nov 25 2017 16:54:10 GMT-0500 (EST): /images/logoWhiteCrisp.png GET
Sat Nov 25 2017 16:54:10 GMT-0500 (EST): /images/logoutWhite.png GET
Sat Nov 25 2017 16:54:10 GMT-0500 (EST): /images/natureBackground.jpeg GET
Sat Nov 25 2017 16:54:10 GMT-0500 (EST): /images/favicons.ico/favicon-32x32.png GET
Sat Nov 25 2017 16:54:10 GMT-0500 (EST): /images/favicons.ico/favicon-16x16.png GET
Sat Nov 25 2017 16:54:10 GMT-0500 (EST): /images/favicons.ico/favicon-96x96.png GET
Sat Nov 25 2017 16:54:10 GMT-0500 (EST): /images/favicons.ico/android-icon-192x192.png GET
Sat Nov 25 2017 17:22:19 GMT-0500 (EST): / GET
Sat Nov 25 2017 17:22:19 GMT-0500 (EST): /stylesheets/frontpagestyle.css GET
Sat Nov 25 2017 17:22:20 GMT-0500 (EST): /images/logoWhiteCrisp.png GET
Sat Nov 25 2017 17:22:20 GMT-0500 (EST): /images/logoutWhite.png GET
Sat Nov 25 2017 17:22:20 GMT-0500 (EST): /images/natureBackground.jpeg GET
Sat Nov 25 2017 17:23:00 GMT-0500 (EST): /loginForm POST
Sat Nov 25 2017 17:23:00 GMT-0500 (EST): /js/flow.js GET
Sat Nov 25 2017 17:23:00 GMT-0500 (EST): /stylesheets/style.css GET
Sat Nov 25 2017 17:23:00 GMT-0500 (EST): /images/logoWhiteCrisp.png GET
Sat Nov 25 2017 17:23:00 GMT-0500 (EST): /images/logoutWhite.png GET
Sat Nov 25 2017 17:23:00 GMT-0500 (EST): /images/doggoTealFilled.png GET
Sat Nov 25 2017 17:23:00 GMT-0500 (EST): /images/iconKid.svg GET
Sat Nov 25 2017 17:23:01 GMT-0500 (EST): /images/natureBackground.jpeg GET
Sat Nov 25 2017 17:23:01 GMT-0500 (EST): /images/thoughtBubble.png GET
Sat Nov 25 2017 17:29:31 GMT-0500 (EST): / GET
Sat Nov 25 2017 17:29:31 GMT-0500 (EST): /stylesheets/frontpagestyle.css GET
Sat Nov 25 2017 17:29:32 GMT-0500 (EST): /images/logoWhiteCrisp.png GET
Sat Nov 25 2017 17:29:32 GMT-0500 (EST): /images/logoutWhite.png GET
Sat Nov 25 2017 17:29:32 GMT-0500 (EST): /images/natureBackground.jpeg GET
Sat Nov 25 2017 17:29:34 GMT-0500 (EST): / GET
Sat Nov 25 2017 17:29:34 GMT-0500 (EST): /stylesheets/frontpagestyle.css GET
Sat Nov 25 2017 17:29:34 GMT-0500 (EST): /images/logoWhiteCrisp.png GET
Sat Nov 25 2017 17:29:34 GMT-0500 (EST): /images/logoutWhite.png GET
Sat Nov 25 2017 17:29:35 GMT-0500 (EST): /images/natureBackground.jpeg GET
Sat Nov 25 2017 17:29:35 GMT-0500 (EST): /images/favicons.ico/favicon-32x32.png GET
Sat Nov 25 2017 17:29:35 GMT-0500 (EST): /images/favicons.ico/favicon-16x16.png GET
Sat Nov 25 2017 17:29:35 GMT-0500 (EST): /images/favicons.ico/favicon-96x96.png GET
Sat Nov 25 2017 17:29:35 GMT-0500 (EST): /images/favicons.ico/android-icon-192x192.png GET
Sat Nov 25 2017 17:29:49 GMT-0500 (EST): /loginForm POST
Sat Nov 25 2017 17:29:49 GMT-0500 (EST): /stylesheets/style.css GET
Sat Nov 25 2017 17:29:49 GMT-0500 (EST): /js/flow.js GET
Sat Nov 25 2017 17:29:49 GMT-0500 (EST): /images/logoWhiteCrisp.png GET
Sat Nov 25 2017 17:29:49 GMT-0500 (EST): /images/logoutWhite.png GET
Sat Nov 25 2017 17:29:49 GMT-0500 (EST): /images/doggoTealFilled.png GET
Sat Nov 25 2017 17:29:49 GMT-0500 (EST): /images/iconKid.svg GET
Sat Nov 25 2017 17:29:50 GMT-0500 (EST): /images/natureBackground.jpeg GET
Sat Nov 25 2017 17:29:50 GMT-0500 (EST): /images/thoughtBubble.png GET
Sat Nov 25 2017 17:46:01 GMT-0500 (EST): / GET
Sat Nov 25 2017 17:46:01 GMT-0500 (EST): /stylesheets/frontpagestyle.css GET
Sat Nov 25 2017 17:46:02 GMT-0500 (EST): /images/logoWhiteCrisp.png GET
Sat Nov 25 2017 17:46:02 GMT-0500 (EST): /images/logoutWhite.png GET
Sat Nov 25 2017 17:46:02 GMT-0500 (EST): /images/natureBackground.jpeg GET
Sat Nov 25 2017 17:48:20 GMT-0500 (EST): /loginForm POST
Sat Nov 25 2017 17:48:21 GMT-0500 (EST): /stylesheets/style.css GET
Sat Nov 25 2017 17:48:21 GMT-0500 (EST): /js/flow.js GET
Sat Nov 25 2017 17:48:21 GMT-0500 (EST): /images/logoWhiteCrisp.png GET
Sat Nov 25 2017 17:48:21 GMT-0500 (EST): /images/logoutWhite.png GET
Sat Nov 25 2017 17:48:21 GMT-0500 (EST): /images/doggoTealFilled.png GET
Sat Nov 25 2017 17:48:21 GMT-0500 (EST): /images/iconKid.svg GET
Sat Nov 25 2017 17:48:22 GMT-0500 (EST): /images/natureBackground.jpeg GET
Sat Nov 25 2017 17:48:22 GMT-0500 (EST): /images/thoughtBubble.png GET
Sat Nov 25 2017 17:53:21 GMT-0500 (EST): / GET
Sat Nov 25 2017 17:53:21 GMT-0500 (EST): /stylesheets/frontpagestyle.css GET
Sat Nov 25 2017 17:53:22 GMT-0500 (EST): /images/logoWhiteCrisp.png GET
Sat Nov 25 2017 17:53:22 GMT-0500 (EST): /images/logoutWhite.png GET
Sat Nov 25 2017 17:53:22 GMT-0500 (EST): /images/natureBackground.jpeg GET
Sat Nov 25 2017 17:58:58 GMT-0500 (EST): / GET
Sat Nov 25 2017 17:58:58 GMT-0500 (EST): /stylesheets/frontpagestyle.css GET
Sat Nov 25 2017 17:58:59 GMT-0500 (EST): /images/logoWhiteCrisp.png GET
Sat Nov 25 2017 17:58:59 GMT-0500 (EST): /images/logoutWhite.png GET
Sat Nov 25 2017 17:58:59 GMT-0500 (EST): /images/natureBackground.jpeg GET
Sat Nov 25 2017 17:59:17 GMT-0500 (EST): /loginForm POST
Sat Nov 25 2017 17:59:17 GMT-0500 (EST): /stylesheets/style.css GET
Sat Nov 25 2017 17:59:17 GMT-0500 (EST): /js/flow.js GET
Sat Nov 25 2017 17:59:17 GMT-0500 (EST): /images/logoWhiteCrisp.png GET
Sat Nov 25 2017 17:59:17 GMT-0500 (EST): /images/logoutWhite.png GET
Sat Nov 25 2017 17:59:17 GMT-0500 (EST): /images/doggoTealFilled.png GET
Sat Nov 25 2017 17:59:17 GMT-0500 (EST): /images/iconKid.svg GET
Sat Nov 25 2017 17:59:18 GMT-0500 (EST): /images/natureBackground.jpeg GET
Sat Nov 25 2017 17:59:18 GMT-0500 (EST): /images/thoughtBubble.png GET
Sat Nov 25 2017 17:59:49 GMT-0500 (EST): / GET
Sat Nov 25 2017 17:59:49 GMT-0500 (EST): /stylesheets/frontpagestyle.css GET
Sat Nov 25 2017 17:59:49 GMT-0500 (EST): /images/logoWhiteCrisp.png GET
Sat Nov 25 2017 17:59:49 GMT-0500 (EST): /images/logoutWhite.png GET
Sat Nov 25 2017 17:59:50 GMT-0500 (EST): /images/natureBackground.jpeg GET
Sat Nov 25 2017 18:00:01 GMT-0500 (EST): / GET
Sat Nov 25 2017 18:00:01 GMT-0500 (EST): /stylesheets/frontpagestyle.css GET
Sat Nov 25 2017 18:00:01 GMT-0500 (EST): /images/logoWhiteCrisp.png GET
Sat Nov 25 2017 18:00:01 GMT-0500 (EST): /images/logoutWhite.png GET
Sat Nov 25 2017 18:00:02 GMT-0500 (EST): /images/natureBackground.jpeg GET
Sat Nov 25 2017 18:00:15 GMT-0500 (EST): /loginForm POST
Sat Nov 25 2017 18:00:15 GMT-0500 (EST): /stylesheets/style.css GET
Sat Nov 25 2017 18:00:15 GMT-0500 (EST): /js/flow.js GET
Sat Nov 25 2017 18:00:15 GMT-0500 (EST): /images/logoWhiteCrisp.png GET
Sat Nov 25 2017 18:00:15 GMT-0500 (EST): /images/logoutWhite.png GET
Sat Nov 25 2017 18:00:15 GMT-0500 (EST): /images/doggoTealFilled.png GET
Sat Nov 25 2017 18:00:15 GMT-0500 (EST): /images/iconKid.svg GET
Sat Nov 25 2017 18:00:15 GMT-0500 (EST): /images/natureBackground.jpeg GET
Sat Nov 25 2017 18:00:15 GMT-0500 (EST): /images/thoughtBubble.png GET
Sat Nov 25 2017 18:01:41 GMT-0500 (EST): /loginForm POST
Sat Nov 25 2017 18:01:41 GMT-0500 (EST): /stylesheets/style.css GET
Sat Nov 25 2017 18:01:41 GMT-0500 (EST): /js/flow.js GET
Sat Nov 25 2017 18:01:41 GMT-0500 (EST): /images/logoWhiteCrisp.png GET
Sat Nov 25 2017 18:01:41 GMT-0500 (EST): /images/logoutWhite.png GET
Sat Nov 25 2017 18:01:41 GMT-0500 (EST): /images/doggoTealFilled.png GET
Sat Nov 25 2017 18:01:41 GMT-0500 (EST): /images/iconKid.svg GET
Sat Nov 25 2017 18:01:42 GMT-0500 (EST): /images/natureBackground.jpeg GET
Sat Nov 25 2017 18:01:42 GMT-0500 (EST): /images/thoughtBubble.png GET
Sat Nov 25 2017 18:01:42 GMT-0500 (EST): /images/favicons.ico/favicon-32x32.png GET
Sat Nov 25 2017 18:01:42 GMT-0500 (EST): /images/favicons.ico/favicon-16x16.png GET
Sat Nov 25 2017 18:01:42 GMT-0500 (EST): /images/favicons.ico/favicon-96x96.png GET
Sat Nov 25 2017 18:01:42 GMT-0500 (EST): /images/favicons.ico/android-icon-192x192.png GET
Sat Nov 25 2017 18:01:47 GMT-0500 (EST): / GET
Sat Nov 25 2017 18:01:47 GMT-0500 (EST): /stylesheets/frontpagestyle.css GET
Sat Nov 25 2017 18:01:47 GMT-0500 (EST): /images/logoWhiteCrisp.png GET
Sat Nov 25 2017 18:01:47 GMT-0500 (EST): /images/logoutWhite.png GET
Sat Nov 25 2017 18:01:47 GMT-0500 (EST): /images/natureBackground.jpeg GET
Sat Nov 25 2017 18:01:57 GMT-0500 (EST): /loginForm POST
Sat Nov 25 2017 18:01:57 GMT-0500 (EST): /stylesheets/style.css GET
Sat Nov 25 2017 18:01:57 GMT-0500 (EST): /js/flow.js GET
Sat Nov 25 2017 18:01:57 GMT-0500 (EST): /images/logoWhiteCrisp.png GET
Sat Nov 25 2017 18:01:57 GMT-0500 (EST): /images/logoutWhite.png GET
Sat Nov 25 2017 18:01:57 GMT-0500 (EST): /images/doggoTealFilled.png GET
Sat Nov 25 2017 18:01:57 GMT-0500 (EST): /images/iconKid.svg GET
Sat Nov 25 2017 18:01:57 GMT-0500 (EST): /images/natureBackground.jpeg GET
Sat Nov 25 2017 18:01:57 GMT-0500 (EST): /images/thoughtBubble.png GET
Sat Nov 25 2017 18:02:05 GMT-0500 (EST): /stylesheets/style.css GET
Sat Nov 25 2017 18:04:39 GMT-0500 (EST): / GET
Sat Nov 25 2017 18:04:39 GMT-0500 (EST): /stylesheets/frontpagestyle.css GET
Sat Nov 25 2017 18:04:40 GMT-0500 (EST): /images/logoWhiteCrisp.png GET
Sat Nov 25 2017 18:04:40 GMT-0500 (EST): /images/logoutWhite.png GET
Sat Nov 25 2017 18:04:40 GMT-0500 (EST): /images/natureBackground.jpeg GET
Sat Nov 25 2017 18:04:54 GMT-0500 (EST): /loginForm POST
Sat Nov 25 2017 18:04:54 GMT-0500 (EST): /stylesheets/style.css GET
Sat Nov 25 2017 18:04:54 GMT-0500 (EST): /js/flow.js GET
Sat Nov 25 2017 18:04:54 GMT-0500 (EST): /images/logoWhiteCrisp.png GET
Sat Nov 25 2017 18:04:54 GMT-0500 (EST): /images/logoutWhite.png GET
Sat Nov 25 2017 18:04:54 GMT-0500 (EST): /images/doggoTealFilled.png GET
Sat Nov 25 2017 18:04:54 GMT-0500 (EST): /images/iconKid.svg GET
Sat Nov 25 2017 18:04:55 GMT-0500 (EST): /images/natureBackground.jpeg GET
Sat Nov 25 2017 18:04:55 GMT-0500 (EST): /images/thoughtBubble.png GET
Sat Nov 25 2017 18:12:44 GMT-0500 (EST): / GET
Sat Nov 25 2017 18:12:44 GMT-0500 (EST): /stylesheets/frontpagestyle.css GET
Sat Nov 25 2017 18:12:45 GMT-0500 (EST): /images/logoWhiteCrisp.png GET
Sat Nov 25 2017 18:12:45 GMT-0500 (EST): /images/logoutWhite.png GET
Sat Nov 25 2017 18:12:45 GMT-0500 (EST): /images/natureBackground.jpeg GET
Sat Nov 25 2017 18:12:55 GMT-0500 (EST): /loginForm POST
Sat Nov 25 2017 18:12:56 GMT-0500 (EST): /stylesheets/style.css GET
Sat Nov 25 2017 18:12:56 GMT-0500 (EST): /js/flow.js GET
Sat Nov 25 2017 18:12:56 GMT-0500 (EST): /images/logoWhiteCrisp.png GET
Sat Nov 25 2017 18:12:56 GMT-0500 (EST): /images/logoutWhite.png GET
Sat Nov 25 2017 18:12:56 GMT-0500 (EST): /images/doggoTealFilled.png GET
Sat Nov 25 2017 18:12:56 GMT-0500 (EST): /images/iconKid.svg GET
Sat Nov 25 2017 18:12:57 GMT-0500 (EST): /images/natureBackground.jpeg GET
Sat Nov 25 2017 18:12:57 GMT-0500 (EST): /images/thoughtBubble.png GET
Sat Nov 25 2017 18:14:58 GMT-0500 (EST): / GET
Sat Nov 25 2017 18:14:58 GMT-0500 (EST): /stylesheets/frontpagestyle.css GET
Sat Nov 25 2017 18:14:59 GMT-0500 (EST): /images/logoWhiteCrisp.png GET
Sat Nov 25 2017 18:14:59 GMT-0500 (EST): /images/logoutWhite.png GET
Sat Nov 25 2017 18:14:59 GMT-0500 (EST): /images/natureBackground.jpeg GET
Sat Nov 25 2017 18:15:09 GMT-0500 (EST): /loginForm POST
Sat Nov 25 2017 18:15:10 GMT-0500 (EST): /stylesheets/style.css GET
Sat Nov 25 2017 18:15:10 GMT-0500 (EST): /js/flow.js GET
Sat Nov 25 2017 18:15:10 GMT-0500 (EST): /images/logoWhiteCrisp.png GET
Sat Nov 25 2017 18:15:10 GMT-0500 (EST): /images/logoutWhite.png GET
Sat Nov 25 2017 18:15:10 GMT-0500 (EST): /images/doggoTealFilled.png GET
Sat Nov 25 2017 18:15:10 GMT-0500 (EST): /images/iconKid.svg GET
Sat Nov 25 2017 18:15:11 GMT-0500 (EST): /images/natureBackground.jpeg GET
Sat Nov 25 2017 18:15:11 GMT-0500 (EST): /images/thoughtBubble.png GET
Sat Nov 25 2017 18:17:13 GMT-0500 (EST): / GET
Sat Nov 25 2017 18:17:13 GMT-0500 (EST): /stylesheets/frontpagestyle.css GET
Sat Nov 25 2017 18:17:14 GMT-0500 (EST): /images/logoWhiteCrisp.png GET
Sat Nov 25 2017 18:17:14 GMT-0500 (EST): /images/logoutWhite.png GET
Sat Nov 25 2017 18:17:14 GMT-0500 (EST): /images/natureBackground.jpeg GET
Sat Nov 25 2017 18:17:25 GMT-0500 (EST): /loginForm POST
Sat Nov 25 2017 18:17:25 GMT-0500 (EST): /stylesheets/style.css GET
Sat Nov 25 2017 18:17:25 GMT-0500 (EST): /js/flow.js GET
Sat Nov 25 2017 18:17:25 GMT-0500 (EST): /images/logoWhiteCrisp.png GET
Sat Nov 25 2017 18:17:25 GMT-0500 (EST): /images/logoutWhite.png GET
Sat Nov 25 2017 18:17:25 GMT-0500 (EST): /images/doggoTealFilled.png GET
Sat Nov 25 2017 18:17:25 GMT-0500 (EST): /images/iconKid.svg GET
Sat Nov 25 2017 18:17:26 GMT-0500 (EST): /images/natureBackground.jpeg GET
Sat Nov 25 2017 18:17:26 GMT-0500 (EST): /images/thoughtBubble.png GET
Sat Nov 25 2017 18:18:20 GMT-0500 (EST): / GET
Sat Nov 25 2017 18:18:20 GMT-0500 (EST): /stylesheets/frontpagestyle.css GET
Sat Nov 25 2017 18:18:21 GMT-0500 (EST): /images/logoWhiteCrisp.png GET
Sat Nov 25 2017 18:18:21 GMT-0500 (EST): /images/logoutWhite.png GET
Sat Nov 25 2017 18:18:22 GMT-0500 (EST): /images/natureBackground.jpeg GET
Sat Nov 25 2017 18:18:32 GMT-0500 (EST): /loginForm POST
Sat Nov 25 2017 18:18:32 GMT-0500 (EST): /stylesheets/style.css GET
Sat Nov 25 2017 18:18:32 GMT-0500 (EST): /js/flow.js GET
Sat Nov 25 2017 18:18:32 GMT-0500 (EST): /images/logoWhiteCrisp.png GET
Sat Nov 25 2017 18:18:32 GMT-0500 (EST): /images/logoutWhite.png GET
Sat Nov 25 2017 18:18:32 GMT-0500 (EST): /images/doggoTealFilled.png GET
Sat Nov 25 2017 18:18:32 GMT-0500 (EST): /images/iconKid.svg GET
Sat Nov 25 2017 18:18:33 GMT-0500 (EST): /images/natureBackground.jpeg GET
Sat Nov 25 2017 18:18:33 GMT-0500 (EST): /images/thoughtBubble.png GET
Sat Nov 25 2017 18:19:08 GMT-0500 (EST): / GET
Sat Nov 25 2017 18:19:08 GMT-0500 (EST): /stylesheets/frontpagestyle.css GET
Sat Nov 25 2017 18:19:08 GMT-0500 (EST): /images/logoWhiteCrisp.png GET
Sat Nov 25 2017 18:19:08 GMT-0500 (EST): /images/logoutWhite.png GET
Sat Nov 25 2017 18:19:09 GMT-0500 (EST): /images/natureBackground.jpeg GET
Sat Nov 25 2017 18:19:19 GMT-0500 (EST): /loginForm POST
Sat Nov 25 2017 18:19:19 GMT-0500 (EST): /stylesheets/style.css GET
Sat Nov 25 2017 18:19:19 GMT-0500 (EST): /js/flow.js GET
Sat Nov 25 2017 18:19:19 GMT-0500 (EST): /images/logoWhiteCrisp.png GET
Sat Nov 25 2017 18:19:19 GMT-0500 (EST): /images/logoutWhite.png GET
Sat Nov 25 2017 18:19:19 GMT-0500 (EST): /images/doggoTealFilled.png GET
Sat Nov 25 2017 18:19:19 GMT-0500 (EST): /images/iconKid.svg GET
Sat Nov 25 2017 18:19:20 GMT-0500 (EST): /images/natureBackground.jpeg GET
Sat Nov 25 2017 18:19:20 GMT-0500 (EST): /images/thoughtBubble.png GET
Sat Nov 25 2017 18:19:48 GMT-0500 (EST): / GET
Sat Nov 25 2017 18:19:48 GMT-0500 (EST): /stylesheets/frontpagestyle.css GET
Sat Nov 25 2017 18:19:49 GMT-0500 (EST): /images/logoWhiteCrisp.png GET
Sat Nov 25 2017 18:19:49 GMT-0500 (EST): /images/logoutWhite.png GET
Sat Nov 25 2017 18:19:49 GMT-0500 (EST): /images/natureBackground.jpeg GET
Sat Nov 25 2017 18:20:01 GMT-0500 (EST): /loginForm POST
Sat Nov 25 2017 18:20:01 GMT-0500 (EST): /stylesheets/style.css GET
Sat Nov 25 2017 18:20:01 GMT-0500 (EST): /js/flow.js GET
Sat Nov 25 2017 18:20:01 GMT-0500 (EST): /images/logoWhiteCrisp.png GET
Sat Nov 25 2017 18:20:01 GMT-0500 (EST): /images/logoutWhite.png GET
Sat Nov 25 2017 18:20:01 GMT-0500 (EST): /images/doggoTealFilled.png GET
Sat Nov 25 2017 18:20:01 GMT-0500 (EST): /images/iconKid.svg GET
Sat Nov 25 2017 18:20:02 GMT-0500 (EST): /images/natureBackground.jpeg GET
Sat Nov 25 2017 18:20:02 GMT-0500 (EST): /images/thoughtBubble.png GET
Sat Nov 25 2017 18:20:49 GMT-0500 (EST): / GET
Sat Nov 25 2017 18:20:49 GMT-0500 (EST): /stylesheets/frontpagestyle.css GET
Sat Nov 25 2017 18:20:50 GMT-0500 (EST): /images/logoWhiteCrisp.png GET
Sat Nov 25 2017 18:20:50 GMT-0500 (EST): /images/logoutWhite.png GET
Sat Nov 25 2017 18:20:50 GMT-0500 (EST): /images/natureBackground.jpeg GET
Sat Nov 25 2017 18:21:00 GMT-0500 (EST): /loginForm POST
Sat Nov 25 2017 18:21:00 GMT-0500 (EST): /stylesheets/style.css GET
Sat Nov 25 2017 18:21:00 GMT-0500 (EST): /js/flow.js GET
Sat Nov 25 2017 18:21:00 GMT-0500 (EST): /images/logoWhiteCrisp.png GET
Sat Nov 25 2017 18:21:00 GMT-0500 (EST): /images/logoutWhite.png GET
Sat Nov 25 2017 18:21:00 GMT-0500 (EST): /images/doggoTealFilled.png GET
Sat Nov 25 2017 18:21:00 GMT-0500 (EST): /images/iconKid.svg GET
Sat Nov 25 2017 18:21:01 GMT-0500 (EST): /images/natureBackground.jpeg GET
Sat Nov 25 2017 18:21:01 GMT-0500 (EST): /images/thoughtBubble.png GET
Sat Nov 25 2017 18:22:03 GMT-0500 (EST): / GET
Sat Nov 25 2017 18:22:03 GMT-0500 (EST): /stylesheets/frontpagestyle.css GET
Sat Nov 25 2017 18:22:04 GMT-0500 (EST): /images/logoWhiteCrisp.png GET
Sat Nov 25 2017 18:22:04 GMT-0500 (EST): /images/logoutWhite.png GET
Sat Nov 25 2017 18:22:04 GMT-0500 (EST): /images/natureBackground.jpeg GET
Sat Nov 25 2017 18:22:12 GMT-0500 (EST): /loginForm POST
Sat Nov 25 2017 18:22:12 GMT-0500 (EST): /stylesheets/style.css GET
Sat Nov 25 2017 18:22:12 GMT-0500 (EST): /js/flow.js GET
Sat Nov 25 2017 18:22:12 GMT-0500 (EST): /images/logoWhiteCrisp.png GET
Sat Nov 25 2017 18:22:12 GMT-0500 (EST): /images/logoutWhite.png GET
Sat Nov 25 2017 18:22:12 GMT-0500 (EST): /images/doggoTealFilled.png GET
Sat Nov 25 2017 18:22:12 GMT-0500 (EST): /images/iconKid.svg GET
Sat Nov 25 2017 18:22:13 GMT-0500 (EST): /images/natureBackground.jpeg GET
Sat Nov 25 2017 18:22:13 GMT-0500 (EST): /images/thoughtBubble.png GET
Sat Nov 25 2017 18:23:06 GMT-0500 (EST): / GET
Sat Nov 25 2017 18:23:06 GMT-0500 (EST): /stylesheets/frontpagestyle.css GET
Sat Nov 25 2017 18:23:07 GMT-0500 (EST): /images/logoWhiteCrisp.png GET
Sat Nov 25 2017 18:23:07 GMT-0500 (EST): /images/logoutWhite.png GET
Sat Nov 25 2017 18:23:07 GMT-0500 (EST): /images/natureBackground.jpeg GET
Sat Nov 25 2017 18:23:27 GMT-0500 (EST): /loginForm POST
Sat Nov 25 2017 18:23:27 GMT-0500 (EST): /stylesheets/style.css GET
Sat Nov 25 2017 18:23:27 GMT-0500 (EST): /js/flow.js GET
Sat Nov 25 2017 18:23:27 GMT-0500 (EST): /images/logoWhiteCrisp.png GET
Sat Nov 25 2017 18:23:27 GMT-0500 (EST): /images/logoutWhite.png GET
Sat Nov 25 2017 18:23:27 GMT-0500 (EST): /images/doggoTealFilled.png GET
Sat Nov 25 2017 18:23:27 GMT-0500 (EST): /images/iconKid.svg GET
Sat Nov 25 2017 18:23:28 GMT-0500 (EST): /images/natureBackground.jpeg GET
Sat Nov 25 2017 18:23:28 GMT-0500 (EST): /images/thoughtBubble.png GET
Sat Nov 25 2017 18:24:12 GMT-0500 (EST): / GET
Sat Nov 25 2017 18:24:12 GMT-0500 (EST): /stylesheets/frontpagestyle.css GET
Sat Nov 25 2017 18:24:13 GMT-0500 (EST): /images/logoWhiteCrisp.png GET
Sat Nov 25 2017 18:24:13 GMT-0500 (EST): /images/logoutWhite.png GET
Sat Nov 25 2017 18:24:13 GMT-0500 (EST): /images/natureBackground.jpeg GET
Sat Nov 25 2017 18:24:22 GMT-0500 (EST): /loginForm POST
Sat Nov 25 2017 18:24:22 GMT-0500 (EST): /stylesheets/style.css GET
Sat Nov 25 2017 18:24:23 GMT-0500 (EST): /js/flow.js GET
Sat Nov 25 2017 18:24:23 GMT-0500 (EST): /images/logoWhiteCrisp.png GET
Sat Nov 25 2017 18:24:23 GMT-0500 (EST): /images/logoutWhite.png GET
Sat Nov 25 2017 18:24:23 GMT-0500 (EST): /images/doggoTealFilled.png GET
Sat Nov 25 2017 18:24:23 GMT-0500 (EST): /images/iconKid.svg GET
Sat Nov 25 2017 18:24:23 GMT-0500 (EST): /images/natureBackground.jpeg GET
Sat Nov 25 2017 18:24:23 GMT-0500 (EST): /images/thoughtBubble.png GET
Sat Nov 25 2017 18:24:55 GMT-0500 (EST): / GET
Sat Nov 25 2017 18:24:55 GMT-0500 (EST): /stylesheets/frontpagestyle.css GET
Sat Nov 25 2017 18:24:55 GMT-0500 (EST): /images/logoWhiteCrisp.png GET
Sat Nov 25 2017 18:24:55 GMT-0500 (EST): /images/logoutWhite.png GET
Sat Nov 25 2017 18:24:56 GMT-0500 (EST): /images/natureBackground.jpeg GET
Sat Nov 25 2017 18:25:09 GMT-0500 (EST): /loginForm POST
Sat Nov 25 2017 18:25:09 GMT-0500 (EST): /stylesheets/style.css GET
Sat Nov 25 2017 18:25:09 GMT-0500 (EST): /js/flow.js GET
Sat Nov 25 2017 18:25:09 GMT-0500 (EST): /images/logoWhiteCrisp.png GET
Sat Nov 25 2017 18:25:09 GMT-0500 (EST): /images/logoutWhite.png GET
Sat Nov 25 2017 18:25:09 GMT-0500 (EST): /images/doggoTealFilled.png GET
Sat Nov 25 2017 18:25:09 GMT-0500 (EST): /images/iconKid.svg GET
Sat Nov 25 2017 18:25:10 GMT-0500 (EST): /images/natureBackground.jpeg GET
Sat Nov 25 2017 18:25:10 GMT-0500 (EST): /images/thoughtBubble.png GET
Sat Nov 25 2017 18:26:48 GMT-0500 (EST): /loginForm POST
Sat Nov 25 2017 18:26:48 GMT-0500 (EST): /stylesheets/style.css GET
Sat Nov 25 2017 18:26:48 GMT-0500 (EST): /js/flow.js GET
Sat Nov 25 2017 18:26:48 GMT-0500 (EST): /images/logoWhiteCrisp.png GET
Sat Nov 25 2017 18:26:48 GMT-0500 (EST): /images/logoutWhite.png GET
Sat Nov 25 2017 18:26:48 GMT-0500 (EST): /images/doggoTealFilled.png GET
Sat Nov 25 2017 18:26:48 GMT-0500 (EST): /images/iconKid.svg GET
Sat Nov 25 2017 18:26:49 GMT-0500 (EST): /images/natureBackground.jpeg GET
Sat Nov 25 2017 18:26:49 GMT-0500 (EST): /images/thoughtBubble.png GET
Sat Nov 25 2017 18:27:00 GMT-0500 (EST): / GET
Sat Nov 25 2017 18:27:00 GMT-0500 (EST): /stylesheets/frontpagestyle.css GET
Sat Nov 25 2017 18:27:01 GMT-0500 (EST): /images/logoWhiteCrisp.png GET
Sat Nov 25 2017 18:27:01 GMT-0500 (EST): /images/logoutWhite.png GET
Sat Nov 25 2017 18:27:01 GMT-0500 (EST): /images/natureBackground.jpeg GET
Sat Nov 25 2017 18:27:11 GMT-0500 (EST): /loginForm POST
Sat Nov 25 2017 18:27:12 GMT-0500 (EST): /stylesheets/style.css GET
Sat Nov 25 2017 18:27:12 GMT-0500 (EST): /js/flow.js GET
Sat Nov 25 2017 18:27:12 GMT-0500 (EST): /images/logoWhiteCrisp.png GET
Sat Nov 25 2017 18:27:12 GMT-0500 (EST): /images/logoutWhite.png GET
Sat Nov 25 2017 18:27:12 GMT-0500 (EST): /images/doggoTealFilled.png GET
Sat Nov 25 2017 18:27:12 GMT-0500 (EST): /images/iconKid.svg GET
Sat Nov 25 2017 18:27:13 GMT-0500 (EST): /images/natureBackground.jpeg GET
Sat Nov 25 2017 18:27:13 GMT-0500 (EST): /images/thoughtBubble.png GET
Sat Nov 25 2017 18:27:48 GMT-0500 (EST): / GET
Sat Nov 25 2017 18:27:48 GMT-0500 (EST): /stylesheets/frontpagestyle.css GET
Sat Nov 25 2017 18:27:48 GMT-0500 (EST): /images/logoWhiteCrisp.png GET
Sat Nov 25 2017 18:27:48 GMT-0500 (EST): /images/logoutWhite.png GET
Sat Nov 25 2017 18:27:49 GMT-0500 (EST): /images/natureBackground.jpeg GET
Sat Nov 25 2017 18:28:00 GMT-0500 (EST): /loginForm POST
Sat Nov 25 2017 18:28:00 GMT-0500 (EST): /stylesheets/style.css GET
Sat Nov 25 2017 18:28:01 GMT-0500 (EST): /js/flow.js GET
Sat Nov 25 2017 18:28:01 GMT-0500 (EST): /images/logoWhiteCrisp.png GET
Sat Nov 25 2017 18:28:01 GMT-0500 (EST): /images/logoutWhite.png GET
Sat Nov 25 2017 18:28:01 GMT-0500 (EST): /images/doggoTealFilled.png GET
Sat Nov 25 2017 18:28:01 GMT-0500 (EST): /images/iconKid.svg GET
Sat Nov 25 2017 18:28:02 GMT-0500 (EST): /images/natureBackground.jpeg GET
Sat Nov 25 2017 18:28:02 GMT-0500 (EST): /images/thoughtBubble.png GET
Sat Nov 25 2017 18:30:55 GMT-0500 (EST): / GET
Sat Nov 25 2017 18:30:55 GMT-0500 (EST): /stylesheets/frontpagestyle.css GET
Sat Nov 25 2017 18:30:56 GMT-0500 (EST): /images/logoWhiteCrisp.png GET
Sat Nov 25 2017 18:30:56 GMT-0500 (EST): /images/logoutWhite.png GET
Sat Nov 25 2017 18:30:56 GMT-0500 (EST): /images/natureBackground.jpeg GET
Sat Nov 25 2017 18:31:05 GMT-0500 (EST): /loginForm POST
Sat Nov 25 2017 18:31:05 GMT-0500 (EST): /stylesheets/style.css GET
Sat Nov 25 2017 18:31:05 GMT-0500 (EST): /js/flow.js GET
Sat Nov 25 2017 18:31:05 GMT-0500 (EST): /images/logoWhiteCrisp.png GET
Sat Nov 25 2017 18:31:05 GMT-0500 (EST): /images/logoutWhite.png GET
Sat Nov 25 2017 18:31:05 GMT-0500 (EST): /images/doggoTealFilled.png GET
Sat Nov 25 2017 18:31:05 GMT-0500 (EST): /images/iconKid.svg GET
Sat Nov 25 2017 18:31:06 GMT-0500 (EST): /images/natureBackground.jpeg GET
Sat Nov 25 2017 18:31:06 GMT-0500 (EST): /images/thoughtBubble.png GET
Sat Nov 25 2017 18:32:01 GMT-0500 (EST): / GET
Sat Nov 25 2017 18:32:02 GMT-0500 (EST): /stylesheets/frontpagestyle.css GET
Sat Nov 25 2017 18:32:03 GMT-0500 (EST): /images/logoWhiteCrisp.png GET
Sat Nov 25 2017 18:32:03 GMT-0500 (EST): /images/logoutWhite.png GET
Sat Nov 25 2017 18:32:03 GMT-0500 (EST): /images/natureBackground.jpeg GET
Sat Nov 25 2017 18:32:11 GMT-0500 (EST): /loginForm POST
Sat Nov 25 2017 18:32:11 GMT-0500 (EST): /stylesheets/style.css GET
Sat Nov 25 2017 18:32:11 GMT-0500 (EST): /js/flow.js GET
Sat Nov 25 2017 18:32:11 GMT-0500 (EST): /images/logoWhiteCrisp.png GET
Sat Nov 25 2017 18:32:11 GMT-0500 (EST): /images/logoutWhite.png GET
Sat Nov 25 2017 18:32:11 GMT-0500 (EST): /images/doggoTealFilled.png GET
Sat Nov 25 2017 18:32:11 GMT-0500 (EST): /images/iconKid.svg GET
Sat Nov 25 2017 18:32:12 GMT-0500 (EST): /images/natureBackground.jpeg GET
Sat Nov 25 2017 18:32:12 GMT-0500 (EST): /images/thoughtBubble.png GET
Sat Nov 25 2017 18:32:45 GMT-0500 (EST): / GET
Sat Nov 25 2017 18:32:45 GMT-0500 (EST): /stylesheets/frontpagestyle.css GET
Sat Nov 25 2017 18:32:45 GMT-0500 (EST): /images/logoWhiteCrisp.png GET
Sat Nov 25 2017 18:32:45 GMT-0500 (EST): /images/logoutWhite.png GET
Sat Nov 25 2017 18:32:46 GMT-0500 (EST): /images/natureBackground.jpeg GET
Sat Nov 25 2017 18:32:59 GMT-0500 (EST): /loginForm POST
Sat Nov 25 2017 18:32:59 GMT-0500 (EST): /stylesheets/style.css GET
Sat Nov 25 2017 18:32:59 GMT-0500 (EST): /js/flow.js GET
Sat Nov 25 2017 18:32:59 GMT-0500 (EST): /images/logoWhiteCrisp.png GET
Sat Nov 25 2017 18:32:59 GMT-0500 (EST): /images/logoutWhite.png GET
Sat Nov 25 2017 18:32:59 GMT-0500 (EST): /images/doggoTealFilled.png GET
Sat Nov 25 2017 18:32:59 GMT-0500 (EST): /images/iconKid.svg GET
Sat Nov 25 2017 18:33:00 GMT-0500 (EST): /images/natureBackground.jpeg GET
Sat Nov 25 2017 18:33:00 GMT-0500 (EST): /images/thoughtBubble.png GET
Sat Nov 25 2017 18:33:43 GMT-0500 (EST): / GET
Sat Nov 25 2017 18:33:43 GMT-0500 (EST): /stylesheets/frontpagestyle.css GET
Sat Nov 25 2017 18:33:44 GMT-0500 (EST): /images/logoWhiteCrisp.png GET
Sat Nov 25 2017 18:33:44 GMT-0500 (EST): /images/logoutWhite.png GET
Sat Nov 25 2017 18:33:44 GMT-0500 (EST): /images/natureBackground.jpeg GET
Sat Nov 25 2017 18:33:52 GMT-0500 (EST): /loginForm POST
Sat Nov 25 2017 18:33:52 GMT-0500 (EST): /stylesheets/style.css GET
Sat Nov 25 2017 18:33:53 GMT-0500 (EST): /js/flow.js GET
Sat Nov 25 2017 18:33:53 GMT-0500 (EST): /images/logoWhiteCrisp.png GET
Sat Nov 25 2017 18:33:53 GMT-0500 (EST): /images/logoutWhite.png GET
Sat Nov 25 2017 18:33:53 GMT-0500 (EST): /images/doggoTealFilled.png GET
Sat Nov 25 2017 18:33:53 GMT-0500 (EST): /images/iconKid.svg GET
Sat Nov 25 2017 18:33:53 GMT-0500 (EST): /images/natureBackground.jpeg GET
Sat Nov 25 2017 18:33:53 GMT-0500 (EST): /images/thoughtBubble.png GET
Sat Nov 25 2017 18:35:48 GMT-0500 (EST): / GET
Sat Nov 25 2017 18:35:48 GMT-0500 (EST): /stylesheets/frontpagestyle.css GET
Sat Nov 25 2017 18:35:49 GMT-0500 (EST): /images/logoWhiteCrisp.png GET
Sat Nov 25 2017 18:35:49 GMT-0500 (EST): /images/logoutWhite.png GET
Sat Nov 25 2017 18:35:49 GMT-0500 (EST): /images/natureBackground.jpeg GET
Sat Nov 25 2017 18:36:00 GMT-0500 (EST): /loginForm POST
Sat Nov 25 2017 18:36:00 GMT-0500 (EST): /stylesheets/style.css GET
Sat Nov 25 2017 18:36:01 GMT-0500 (EST): /js/flow.js GET
Sat Nov 25 2017 18:36:01 GMT-0500 (EST): /images/logoWhiteCrisp.png GET
Sat Nov 25 2017 18:36:01 GMT-0500 (EST): /images/logoutWhite.png GET
Sat Nov 25 2017 18:36:01 GMT-0500 (EST): /images/doggoTealFilled.png GET
Sat Nov 25 2017 18:36:01 GMT-0500 (EST): /images/iconKid.svg GET
Sat Nov 25 2017 18:36:01 GMT-0500 (EST): /images/natureBackground.jpeg GET
Sat Nov 25 2017 18:36:01 GMT-0500 (EST): /images/thoughtBubble.png GET
Sat Nov 25 2017 18:39:24 GMT-0500 (EST): / GET
Sat Nov 25 2017 18:39:24 GMT-0500 (EST): /stylesheets/frontpagestyle.css GET
Sat Nov 25 2017 18:39:25 GMT-0500 (EST): /images/logoWhiteCrisp.png GET
Sat Nov 25 2017 18:39:25 GMT-0500 (EST): /images/logoutWhite.png GET
Sat Nov 25 2017 18:39:25 GMT-0500 (EST): /images/natureBackground.jpeg GET
Sat Nov 25 2017 18:39:34 GMT-0500 (EST): /loginForm POST
Sat Nov 25 2017 18:39:34 GMT-0500 (EST): /stylesheets/style.css GET
Sat Nov 25 2017 18:39:34 GMT-0500 (EST): /js/flow.js GET
Sat Nov 25 2017 18:39:34 GMT-0500 (EST): /images/logoWhiteCrisp.png GET
Sat Nov 25 2017 18:39:34 GMT-0500 (EST): /images/logoutWhite.png GET
Sat Nov 25 2017 18:39:34 GMT-0500 (EST): /images/doggoTealFilled.png GET
Sat Nov 25 2017 18:39:34 GMT-0500 (EST): /images/iconKid.svg GET
Sat Nov 25 2017 18:39:35 GMT-0500 (EST): /images/natureBackground.jpeg GET
Sat Nov 25 2017 18:39:35 GMT-0500 (EST): /images/thoughtBubble.png GET
Sat Nov 25 2017 18:40:04 GMT-0500 (EST): / GET
Sat Nov 25 2017 18:40:04 GMT-0500 (EST): /stylesheets/frontpagestyle.css GET
Sat Nov 25 2017 18:40:04 GMT-0500 (EST): /images/logoWhiteCrisp.png GET
Sat Nov 25 2017 18:40:04 GMT-0500 (EST): /images/logoutWhite.png GET
Sat Nov 25 2017 18:40:05 GMT-0500 (EST): /images/natureBackground.jpeg GET
Sat Nov 25 2017 18:42:01 GMT-0500 (EST): /loginForm POST
Sat Nov 25 2017 18:42:01 GMT-0500 (EST): /stylesheets/style.css GET
Sat Nov 25 2017 18:42:01 GMT-0500 (EST): /js/flow.js GET
Sat Nov 25 2017 18:42:01 GMT-0500 (EST): /images/logoWhiteCrisp.png GET
Sat Nov 25 2017 18:42:01 GMT-0500 (EST): /images/logoutWhite.png GET
Sat Nov 25 2017 18:42:01 GMT-0500 (EST): /images/doggoTealFilled.png GET
Sat Nov 25 2017 18:42:01 GMT-0500 (EST): /images/iconKid.svg GET
Sat Nov 25 2017 18:42:02 GMT-0500 (EST): /images/natureBackground.jpeg GET
Sat Nov 25 2017 18:42:02 GMT-0500 (EST): /images/thoughtBubble.png GET
Sat Nov 25 2017 18:43:06 GMT-0500 (EST): / GET
Sat Nov 25 2017 18:43:06 GMT-0500 (EST): /stylesheets/frontpagestyle.css GET
Sat Nov 25 2017 18:43:07 GMT-0500 (EST): /images/logoWhiteCrisp.png GET
Sat Nov 25 2017 18:43:07 GMT-0500 (EST): /images/logoutWhite.png GET
Sat Nov 25 2017 18:43:07 GMT-0500 (EST): /images/natureBackground.jpeg GET
Sat Nov 25 2017 18:43:15 GMT-0500 (EST): /loginForm POST
Sat Nov 25 2017 18:43:15 GMT-0500 (EST): /stylesheets/style.css GET
Sat Nov 25 2017 18:43:15 GMT-0500 (EST): /js/flow.js GET
Sat Nov 25 2017 18:43:15 GMT-0500 (EST): /images/logoWhiteCrisp.png GET
Sat Nov 25 2017 18:43:15 GMT-0500 (EST): /images/logoutWhite.png GET
Sat Nov 25 2017 18:43:15 GMT-0500 (EST): /images/doggoTealFilled.png GET
Sat Nov 25 2017 18:43:15 GMT-0500 (EST): /images/iconKid.svg GET
Sat Nov 25 2017 18:43:16 GMT-0500 (EST): /images/natureBackground.jpeg GET
Sat Nov 25 2017 18:43:16 GMT-0500 (EST): /images/thoughtBubble.png GET
Sat Nov 25 2017 18:43:37 GMT-0500 (EST): / GET
Sat Nov 25 2017 18:43:38 GMT-0500 (EST): /stylesheets/frontpagestyle.css GET
Sat Nov 25 2017 18:43:38 GMT-0500 (EST): /images/logoWhiteCrisp.png GET
Sat Nov 25 2017 18:43:38 GMT-0500 (EST): /images/logoutWhite.png GET
Sat Nov 25 2017 18:43:39 GMT-0500 (EST): /images/natureBackground.jpeg GET
Sat Nov 25 2017 18:43:47 GMT-0500 (EST): /loginForm POST
Sat Nov 25 2017 18:43:47 GMT-0500 (EST): /stylesheets/style.css GET
Sat Nov 25 2017 18:43:47 GMT-0500 (EST): /js/flow.js GET
Sat Nov 25 2017 18:43:47 GMT-0500 (EST): /images/logoWhiteCrisp.png GET
Sat Nov 25 2017 18:43:47 GMT-0500 (EST): /images/logoutWhite.png GET
Sat Nov 25 2017 18:43:47 GMT-0500 (EST): /images/doggoTealFilled.png GET
Sat Nov 25 2017 18:43:47 GMT-0500 (EST): /images/iconKid.svg GET
Sat Nov 25 2017 18:43:48 GMT-0500 (EST): /images/natureBackground.jpeg GET
Sat Nov 25 2017 18:43:48 GMT-0500 (EST): /images/thoughtBubble.png GET
Sat Nov 25 2017 18:44:01 GMT-0500 (EST): / GET
Sat Nov 25 2017 18:44:01 GMT-0500 (EST): /stylesheets/frontpagestyle.css GET
Sat Nov 25 2017 18:44:01 GMT-0500 (EST): /images/logoWhiteCrisp.png GET
Sat Nov 25 2017 18:44:01 GMT-0500 (EST): /images/logoutWhite.png GET
Sat Nov 25 2017 18:44:02 GMT-0500 (EST): /images/natureBackground.jpeg GET
Sat Nov 25 2017 18:58:18 GMT-0500 (EST): /loginForm POST
Sat Nov 25 2017 18:58:18 GMT-0500 (EST): /stylesheets/style.css GET
Sat Nov 25 2017 18:58:18 GMT-0500 (EST): /js/flow.js GET
Sat Nov 25 2017 18:58:18 GMT-0500 (EST): /images/logoWhiteCrisp.png GET
Sat Nov 25 2017 18:58:18 GMT-0500 (EST): /images/logoutWhite.png GET
Sat Nov 25 2017 18:58:18 GMT-0500 (EST): /images/doggoTealFilled.png GET
Sat Nov 25 2017 18:58:18 GMT-0500 (EST): /images/iconKid.svg GET
Sat Nov 25 2017 18:58:19 GMT-0500 (EST): /images/natureBackground.jpeg GET
Sat Nov 25 2017 18:58:19 GMT-0500 (EST): /images/thoughtBubble.png GET
Sat Nov 25 2017 18:59:19 GMT-0500 (EST): / GET
Sat Nov 25 2017 18:59:19 GMT-0500 (EST): /stylesheets/frontpagestyle.css GET
Sat Nov 25 2017 18:59:20 GMT-0500 (EST): /images/logoWhiteCrisp.png GET
Sat Nov 25 2017 18:59:20 GMT-0500 (EST): /images/logoutWhite.png GET
Sat Nov 25 2017 18:59:20 GMT-0500 (EST): /images/natureBackground.jpeg GET
Sat Nov 25 2017 18:59:34 GMT-0500 (EST): /loginForm POST
Sat Nov 25 2017 18:59:35 GMT-0500 (EST): /stylesheets/frontpagestyle.css GET
Sat Nov 25 2017 18:59:35 GMT-0500 (EST): /images/logoWhiteCrisp.png GET
Sat Nov 25 2017 18:59:35 GMT-0500 (EST): /images/logoutWhite.png GET
Sat Nov 25 2017 18:59:35 GMT-0500 (EST): /images/natureBackground.jpeg GET
Sat Nov 25 2017 18:59:48 GMT-0500 (EST): /loginForm POST
Sat Nov 25 2017 18:59:48 GMT-0500 (EST): /stylesheets/style.css GET
Sat Nov 25 2017 18:59:48 GMT-0500 (EST): /js/flow.js GET
Sat Nov 25 2017 18:59:48 GMT-0500 (EST): /images/logoWhiteCrisp.png GET
Sat Nov 25 2017 18:59:48 GMT-0500 (EST): /images/logoutWhite.png GET
Sat Nov 25 2017 18:59:48 GMT-0500 (EST): /images/doggoTealFilled.png GET
Sat Nov 25 2017 18:59:48 GMT-0500 (EST): /images/iconKid.svg GET
Sat Nov 25 2017 18:59:49 GMT-0500 (EST): /images/natureBackground.jpeg GET
Sat Nov 25 2017 18:59:49 GMT-0500 (EST): /images/thoughtBubble.png GET
Sat Nov 25 2017 19:01:51 GMT-0500 (EST): / GET
Sat Nov 25 2017 19:01:51 GMT-0500 (EST): /stylesheets/frontpagestyle.css GET
Sat Nov 25 2017 19:01:52 GMT-0500 (EST): /images/logoWhiteCrisp.png GET
Sat Nov 25 2017 19:01:52 GMT-0500 (EST): /images/logoutWhite.png GET
Sat Nov 25 2017 19:01:52 GMT-0500 (EST): /images/natureBackground.jpeg GET
Sat Nov 25 2017 19:02:03 GMT-0500 (EST): /loginForm POST
Sat Nov 25 2017 19:02:34 GMT-0500 (EST): / GET
Sat Nov 25 2017 19:02:34 GMT-0500 (EST): /stylesheets/frontpagestyle.css GET
Sat Nov 25 2017 19:02:34 GMT-0500 (EST): /images/logoWhiteCrisp.png GET
Sat Nov 25 2017 19:02:34 GMT-0500 (EST): /images/logoutWhite.png GET
Sat Nov 25 2017 19:02:35 GMT-0500 (EST): /images/natureBackground.jpeg GET
Sat Nov 25 2017 19:02:43 GMT-0500 (EST): /loginForm POST
Sat Nov 25 2017 19:02:44 GMT-0500 (EST): /stylesheets/style.css GET
Sat Nov 25 2017 19:02:44 GMT-0500 (EST): /js/flow.js GET
Sat Nov 25 2017 19:02:44 GMT-0500 (EST): /images/logoWhiteCrisp.png GET
Sat Nov 25 2017 19:02:44 GMT-0500 (EST): /images/logoutWhite.png GET
Sat Nov 25 2017 19:02:44 GMT-0500 (EST): /images/doggoTealFilled.png GET
Sat Nov 25 2017 19:02:44 GMT-0500 (EST): /images/iconKid.svg GET
Sat Nov 25 2017 19:02:44 GMT-0500 (EST): /images/natureBackground.jpeg GET
Sat Nov 25 2017 19:02:44 GMT-0500 (EST): /images/thoughtBubble.png GET
Sat Nov 25 2017 19:02:48 GMT-0500 (EST): /stylesheets/style.css GET
Sat Nov 25 2017 19:03:35 GMT-0500 (EST): / GET
Sat Nov 25 2017 19:03:35 GMT-0500 (EST): /stylesheets/frontpagestyle.css GET
Sat Nov 25 2017 19:03:36 GMT-0500 (EST): /images/logoWhiteCrisp.png GET
Sat Nov 25 2017 19:03:36 GMT-0500 (EST): /images/logoutWhite.png GET
Sat Nov 25 2017 19:03:37 GMT-0500 (EST): /images/natureBackground.jpeg GET
Sat Nov 25 2017 19:03:44 GMT-0500 (EST): /loginForm POST
Sat Nov 25 2017 19:03:44 GMT-0500 (EST): /stylesheets/style.css GET
Sat Nov 25 2017 19:03:44 GMT-0500 (EST): /js/flow.js GET
Sat Nov 25 2017 19:03:44 GMT-0500 (EST): /images/logoWhiteCrisp.png GET
Sat Nov 25 2017 19:03:44 GMT-0500 (EST): /images/logoutWhite.png GET
Sat Nov 25 2017 19:03:44 GMT-0500 (EST): /images/doggoTealFilled.png GET
Sat Nov 25 2017 19:03:44 GMT-0500 (EST): /images/iconKid.svg GET
Sat Nov 25 2017 19:03:45 GMT-0500 (EST): /images/natureBackground.jpeg GET
Sat Nov 25 2017 19:03:45 GMT-0500 (EST): /images/thoughtBubble.png GET
Sat Nov 25 2017 19:03:49 GMT-0500 (EST): / GET
Sat Nov 25 2017 19:03:49 GMT-0500 (EST): /stylesheets/frontpagestyle.css GET
Sat Nov 25 2017 19:03:49 GMT-0500 (EST): /images/logoWhiteCrisp.png GET
Sat Nov 25 2017 19:03:49 GMT-0500 (EST): /images/logoutWhite.png GET
Sat Nov 25 2017 19:03:50 GMT-0500 (EST): /images/natureBackground.jpeg GET
Sat Nov 25 2017 19:04:32 GMT-0500 (EST): /loginForm POST
Sat Nov 25 2017 19:04:48 GMT-0500 (EST): / GET
Sat Nov 25 2017 19:04:48 GMT-0500 (EST): /stylesheets/frontpagestyle.css GET
Sat Nov 25 2017 19:04:49 GMT-0500 (EST): /images/logoWhiteCrisp.png GET
Sat Nov 25 2017 19:04:49 GMT-0500 (EST): /images/logoutWhite.png GET
Sat Nov 25 2017 19:04:49 GMT-0500 (EST): /images/natureBackground.jpeg GET
Sat Nov 25 2017 19:05:42 GMT-0500 (EST): /loginForm POST
Sat Nov 25 2017 19:05:42 GMT-0500 (EST): /stylesheets/style.css GET
Sat Nov 25 2017 19:05:42 GMT-0500 (EST): /js/flow.js GET
Sat Nov 25 2017 19:05:42 GMT-0500 (EST): /images/logoWhiteCrisp.png GET
Sat Nov 25 2017 19:05:42 GMT-0500 (EST): /images/logoutWhite.png GET
Sat Nov 25 2017 19:05:42 GMT-0500 (EST): /images/doggoTealFilled.png GET
Sat Nov 25 2017 19:05:42 GMT-0500 (EST): /images/iconKid.svg GET
Sat Nov 25 2017 19:05:43 GMT-0500 (EST): /images/natureBackground.jpeg GET
Sat Nov 25 2017 19:05:43 GMT-0500 (EST): /images/thoughtBubble.png GET
Sat Nov 25 2017 19:07:32 GMT-0500 (EST): / GET
Sat Nov 25 2017 19:07:32 GMT-0500 (EST): /stylesheets/frontpagestyle.css GET
Sat Nov 25 2017 19:07:33 GMT-0500 (EST): /images/logoWhiteCrisp.png GET
Sat Nov 25 2017 19:07:33 GMT-0500 (EST): /images/logoutWhite.png GET
Sat Nov 25 2017 19:07:33 GMT-0500 (EST): /images/natureBackground.jpeg GET
Sat Nov 25 2017 19:07:42 GMT-0500 (EST): /loginForm POST
Sat Nov 25 2017 19:09:27 GMT-0500 (EST): / GET
Sat Nov 25 2017 19:09:27 GMT-0500 (EST): /stylesheets/frontpagestyle.css GET
Sat Nov 25 2017 19:09:28 GMT-0500 (EST): /images/logoWhiteCrisp.png GET
Sat Nov 25 2017 19:09:28 GMT-0500 (EST): /images/logoutWhite.png GET
Sat Nov 25 2017 19:09:28 GMT-0500 (EST): /images/natureBackground.jpeg GET
Sat Nov 25 2017 19:09:37 GMT-0500 (EST): /loginForm POST
Sat Nov 25 2017 19:09:37 GMT-0500 (EST): /stylesheets/style.css GET
Sat Nov 25 2017 19:09:37 GMT-0500 (EST): /js/flow.js GET
Sat Nov 25 2017 19:09:37 GMT-0500 (EST): /images/logoWhiteCrisp.png GET
Sat Nov 25 2017 19:09:37 GMT-0500 (EST): /images/logoutWhite.png GET
Sat Nov 25 2017 19:09:37 GMT-0500 (EST): /images/doggoTealFilled.png GET
Sat Nov 25 2017 19:09:37 GMT-0500 (EST): /images/iconKid.svg GET
Sat Nov 25 2017 19:09:38 GMT-0500 (EST): /images/natureBackground.jpeg GET
Sat Nov 25 2017 19:09:38 GMT-0500 (EST): /images/thoughtBubble.png GET
Sat Nov 25 2017 19:12:36 GMT-0500 (EST): /loginForm POST
Sat Nov 25 2017 19:12:36 GMT-0500 (EST): /stylesheets/style.css GET
Sat Nov 25 2017 19:12:36 GMT-0500 (EST): /js/flow.js GET
Sat Nov 25 2017 19:12:36 GMT-0500 (EST): /images/logoWhiteCrisp.png GET
Sat Nov 25 2017 19:12:36 GMT-0500 (EST): /images/logoutWhite.png GET
Sat Nov 25 2017 19:12:36 GMT-0500 (EST): /images/doggoTealFilled.png GET
Sat Nov 25 2017 19:12:36 GMT-0500 (EST): /images/iconKid.svg GET
Sat Nov 25 2017 19:12:37 GMT-0500 (EST): /images/natureBackground.jpeg GET
Sat Nov 25 2017 19:12:37 GMT-0500 (EST): /images/thoughtBubble.png GET
Sat Nov 25 2017 19:13:35 GMT-0500 (EST): /loginForm POST
Sat Nov 25 2017 19:13:35 GMT-0500 (EST): /stylesheets/style.css GET
Sat Nov 25 2017 19:13:35 GMT-0500 (EST): /js/flow.js GET
Sat Nov 25 2017 19:13:35 GMT-0500 (EST): /images/logoWhiteCrisp.png GET
Sat Nov 25 2017 19:13:35 GMT-0500 (EST): /images/logoutWhite.png GET
Sat Nov 25 2017 19:13:35 GMT-0500 (EST): /images/doggoTealFilled.png GET
Sat Nov 25 2017 19:13:35 GMT-0500 (EST): /images/iconKid.svg GET
Sat Nov 25 2017 19:13:36 GMT-0500 (EST): /images/natureBackground.jpeg GET
Sat Nov 25 2017 19:13:37 GMT-0500 (EST): /images/thoughtBubble.png GET
Sat Nov 25 2017 19:14:02 GMT-0500 (EST): / GET
Sat Nov 25 2017 19:14:02 GMT-0500 (EST): /stylesheets/frontpagestyle.css GET
Sat Nov 25 2017 19:14:03 GMT-0500 (EST): /images/logoWhiteCrisp.png GET
Sat Nov 25 2017 19:14:03 GMT-0500 (EST): /images/logoutWhite.png GET
Sat Nov 25 2017 19:14:03 GMT-0500 (EST): /images/natureBackground.jpeg GET
Sat Nov 25 2017 19:14:23 GMT-0500 (EST): /loginForm POST
Sat Nov 25 2017 19:14:24 GMT-0500 (EST): /stylesheets/frontpagestyle.css GET
Sat Nov 25 2017 19:14:24 GMT-0500 (EST): /images/logoWhiteCrisp.png GET
Sat Nov 25 2017 19:14:24 GMT-0500 (EST): /images/logoutWhite.png GET
Sat Nov 25 2017 19:14:25 GMT-0500 (EST): /images/natureBackground.jpeg GET
Sat Nov 25 2017 19:14:56 GMT-0500 (EST): /loginForm POST
Sat Nov 25 2017 19:14:57 GMT-0500 (EST): /stylesheets/style.css GET
Sat Nov 25 2017 19:14:57 GMT-0500 (EST): /js/flow.js GET
Sat Nov 25 2017 19:14:57 GMT-0500 (EST): /images/logoWhiteCrisp.png GET
Sat Nov 25 2017 19:14:57 GMT-0500 (EST): /images/logoutWhite.png GET
Sat Nov 25 2017 19:14:57 GMT-0500 (EST): /images/doggoTealFilled.png GET
Sat Nov 25 2017 19:14:57 GMT-0500 (EST): /images/iconKid.svg GET
Sat Nov 25 2017 19:14:57 GMT-0500 (EST): /images/natureBackground.jpeg GET
Sat Nov 25 2017 19:14:57 GMT-0500 (EST): /images/thoughtBubble.png GET
Sat Nov 25 2017 19:15:12 GMT-0500 (EST): / GET
Sat Nov 25 2017 19:15:12 GMT-0500 (EST): /stylesheets/frontpagestyle.css GET
Sat Nov 25 2017 19:15:13 GMT-0500 (EST): /images/logoWhiteCrisp.png GET
Sat Nov 25 2017 19:15:13 GMT-0500 (EST): /images/logoutWhite.png GET
Sat Nov 25 2017 19:15:13 GMT-0500 (EST): /images/natureBackground.jpeg GET
Sat Nov 25 2017 19:16:41 GMT-0500 (EST): /registerForm POST
Sat Nov 25 2017 19:16:41 GMT-0500 (EST): /stylesheets/frontpagestyle.css GET
Sat Nov 25 2017 19:16:42 GMT-0500 (EST): /images/logoWhiteCrisp.png GET
Sat Nov 25 2017 19:16:42 GMT-0500 (EST): /images/logoutWhite.png GET
Sat Nov 25 2017 19:16:42 GMT-0500 (EST): /images/natureBackground.jpeg GET
Sat Nov 25 2017 19:24:14 GMT-0500 (EST): / GET
Sat Nov 25 2017 19:24:14 GMT-0500 (EST): /stylesheets/frontpagestyle.css GET
Sat Nov 25 2017 19:24:15 GMT-0500 (EST): /images/logoWhiteCrisp.png GET
Sat Nov 25 2017 19:24:15 GMT-0500 (EST): /images/logoutWhite.png GET
Sat Nov 25 2017 19:24:15 GMT-0500 (EST): /images/natureBackground.jpeg GET
Sat Nov 25 2017 19:24:39 GMT-0500 (EST): /loginForm POST
Sat Nov 25 2017 19:26:01 GMT-0500 (EST): / GET
Sat Nov 25 2017 19:26:01 GMT-0500 (EST): /stylesheets/frontpagestyle.css GET
Sat Nov 25 2017 19:26:02 GMT-0500 (EST): /images/logoWhiteCrisp.png GET
Sat Nov 25 2017 19:26:02 GMT-0500 (EST): /images/logoutWhite.png GET
Sat Nov 25 2017 19:26:02 GMT-0500 (EST): /images/natureBackground.jpeg GET
Sat Nov 25 2017 19:26:11 GMT-0500 (EST): /loginForm POST
Sat Nov 25 2017 19:28:01 GMT-0500 (EST): / GET
Sat Nov 25 2017 19:28:01 GMT-0500 (EST): /stylesheets/frontpagestyle.css GET
Sat Nov 25 2017 19:28:02 GMT-0500 (EST): /images/logoWhiteCrisp.png GET
Sat Nov 25 2017 19:28:02 GMT-0500 (EST): /images/logoutWhite.png GET
Sat Nov 25 2017 19:28:02 GMT-0500 (EST): /images/natureBackground.jpeg GET
Sat Nov 25 2017 19:28:11 GMT-0500 (EST): /loginForm POST
Sat Nov 25 2017 19:28:11 GMT-0500 (EST): /stylesheets/frontpagestyle.css GET
Sat Nov 25 2017 19:28:11 GMT-0500 (EST): /images/logoWhiteCrisp.png GET
Sat Nov 25 2017 19:28:11 GMT-0500 (EST): /images/logoutWhite.png GET
Sat Nov 25 2017 19:28:12 GMT-0500 (EST): /images/natureBackground.jpeg GET
Sat Nov 25 2017 19:30:49 GMT-0500 (EST): /loginForm POST
Sat Nov 25 2017 19:30:50 GMT-0500 (EST): /stylesheets/style.css GET
Sat Nov 25 2017 19:30:50 GMT-0500 (EST): /js/flow.js GET
Sat Nov 25 2017 19:30:50 GMT-0500 (EST): /images/logoWhiteCrisp.png GET
Sat Nov 25 2017 19:30:50 GMT-0500 (EST): /images/logoutWhite.png GET
Sat Nov 25 2017 19:30:50 GMT-0500 (EST): /images/doggoTealFilled.png GET
Sat Nov 25 2017 19:30:50 GMT-0500 (EST): /images/iconKid.svg GET
Sat Nov 25 2017 19:30:51 GMT-0500 (EST): /images/natureBackground.jpeg GET
Sat Nov 25 2017 19:30:51 GMT-0500 (EST): /images/thoughtBubble.png GET
Sat Nov 25 2017 19:30:55 GMT-0500 (EST): / GET
Sat Nov 25 2017 19:30:55 GMT-0500 (EST): /stylesheets/frontpagestyle.css GET
Sat Nov 25 2017 19:30:55 GMT-0500 (EST): /images/logoWhiteCrisp.png GET
Sat Nov 25 2017 19:30:55 GMT-0500 (EST): /images/logoutWhite.png GET
Sat Nov 25 2017 19:30:55 GMT-0500 (EST): /images/natureBackground.jpeg GET
Sat Nov 25 2017 19:31:45 GMT-0500 (EST): /registerForm POST
Sat Nov 25 2017 19:31:46 GMT-0500 (EST): /stylesheets/frontpagestyle.css GET
Sat Nov 25 2017 19:31:46 GMT-0500 (EST): /images/logoWhiteCrisp.png GET
Sat Nov 25 2017 19:31:46 GMT-0500 (EST): /images/logoutWhite.png GET
Sat Nov 25 2017 19:31:47 GMT-0500 (EST): /images/natureBackground.jpeg GET
Sat Nov 25 2017 19:32:52 GMT-0500 (EST): /registerForm POST
Sat Nov 25 2017 19:32:52 GMT-0500 (EST): /stylesheets/style.css GET
Sat Nov 25 2017 19:32:52 GMT-0500 (EST): /js/flow.js GET
Sat Nov 25 2017 19:32:52 GMT-0500 (EST): /images/logoWhiteCrisp.png GET
Sat Nov 25 2017 19:32:52 GMT-0500 (EST): /images/logoutWhite.png GET
Sat Nov 25 2017 19:32:52 GMT-0500 (EST): /images/doggoTealFilled.png GET
Sat Nov 25 2017 19:32:52 GMT-0500 (EST): /images/iconKid.svg GET
Sat Nov 25 2017 19:32:53 GMT-0500 (EST): /images/natureBackground.jpeg GET
Sat Nov 25 2017 19:32:53 GMT-0500 (EST): /images/thoughtBubble.png GET
Sat Nov 25 2017 19:33:08 GMT-0500 (EST): / GET
Sat Nov 25 2017 19:33:08 GMT-0500 (EST): /stylesheets/frontpagestyle.css GET
Sat Nov 25 2017 19:33:09 GMT-0500 (EST): /images/logoWhiteCrisp.png GET
Sat Nov 25 2017 19:33:09 GMT-0500 (EST): /images/logoutWhite.png GET
Sat Nov 25 2017 19:33:09 GMT-0500 (EST): /images/natureBackground.jpeg GET
Sat Nov 25 2017 19:33:29 GMT-0500 (EST): /loginForm POST
Sat Nov 25 2017 19:33:29 GMT-0500 (EST): /stylesheets/style.css GET
Sat Nov 25 2017 19:33:29 GMT-0500 (EST): /js/flow.js GET
Sat Nov 25 2017 19:33:29 GMT-0500 (EST): /images/logoWhiteCrisp.png GET
Sat Nov 25 2017 19:33:29 GMT-0500 (EST): /images/logoutWhite.png GET
Sat Nov 25 2017 19:33:29 GMT-0500 (EST): /images/doggoTealFilled.png GET
Sat Nov 25 2017 19:33:29 GMT-0500 (EST): /images/iconKid.svg GET
Sat Nov 25 2017 19:33:30 GMT-0500 (EST): /images/natureBackground.jpeg GET
Sat Nov 25 2017 19:33:30 GMT-0500 (EST): /images/thoughtBubble.png GET
Sat Nov 25 2017 19:33:47 GMT-0500 (EST): / GET
Sat Nov 25 2017 19:33:47 GMT-0500 (EST): /stylesheets/frontpagestyle.css GET
Sat Nov 25 2017 19:33:47 GMT-0500 (EST): /images/logoWhiteCrisp.png GET
Sat Nov 25 2017 19:33:47 GMT-0500 (EST): /images/logoutWhite.png GET
Sat Nov 25 2017 19:33:48 GMT-0500 (EST): /images/natureBackground.jpeg GET
